TEST #1a
------------------------------------------
1) SEND(0),DA=00602D000008,DNET=21,DADR=10,DER=1,PDU=Confirmed-Request,Service=readProperty,AL=0C02000065194B
2) XPCT(0),SNET=21,SADR=10,DER=0,PDU=Complex-ACK,Service=readProperty,AL=0C02000065194B3EC40200006500202020202020202020202020202020202020202020202020202020202020202020202020202020202020202020202020202020202020202020202020202020202020202020202020202020202020202020202020202020202020202020202020202020202020202020202020202020202020202020202020202020202020202020202020202020202020202020202020202020202020202020202020202020202020202020202020202020202020202020202020202020202020202020202020202020202020202020202020202020202020202020202020202020202020202020202020202020202020202020202020202020202020202020203F
------------------------------------------
1) AL(0) 0.0020AFC30D7A,21.10,30000C0C02000065194B3EC4020000653F
------------------------------------------
Test #1a - Section 1 - failed
error: SEND(1) sent, EXPECT(2) failed, no other packets.
==========================================
TEST #1b
------------------------------------------
3) SEND(0),DA=00602D000008,DNET=21,DADR=10,DER=1,PDU=Confirmed-Request,Service=readProperty,AL=0C02000065194F
4) XPCT(0),SNET=21,SADR=10,DER=0,PDU=Complex-ACK,Service=readProperty,AL=0C02000065194F3E910800202020202020202020202020202020202020202020202020202020202020202020202020202020202020202020202020202020202020202020202020202020202020202020202020202020202020202020202020202020202020202020202020202020202020202020202020202020202020202020202020202020202020202020202020202020202020202020202020202020202020202020202020202020202020202020202020202020202020202020202020202020202020202020202020202020202020202020202020202020202020202020202020202020202020202020202020202020202020202020202020202020202020202020202020203F
------------------------------------------
1) AL(0) 0.0020AFC30D7A,21.10,30010C0C02000065194F3E91083F
------------------------------------------
Test #1b - Section 1 - failed
error: SEND(3) sent, EXPECT(4) failed, no other packets.
==========================================
TEST #1c
------------------------------------------
5) SEND(0),DA=00602D000008,DNET=21,DADR=10,DER=1,PDU=Confirmed-Request,Service=readProperty,AL=0C020000651979
6) XPCT(0),SNET=21,SADR=10,DER=0,PDU=Complex-ACK,Service=readProperty,AL=0C0200006519793E751000416C6572746F6E2042414374616C6B002020202020202020202020202020202020202020202020202020202020202020202020202020202020202020202020202020202020202020202020202020202020202020202020202020202020202020202020202020202020202020202020202020202020202020202020202020202020202020202020202020202020202020202020202020202020202020202020202020202020202020202020202020202020202020202020202020202020202020202020202020202020202020202020202020202020202020202020202020202020202020202020202020202020202020202020202020202020202020203F
------------------------------------------
1) AL(0) 0.0020AFC30D7A,21.10,30020C0C0200006519793E751000416C6572746F6E2042414374616C6B3F
------------------------------------------
Test #1c - Section 1 - failed
error: SEND(5) sent, EXPECT(6) failed, no other packets.
==========================================
