TEST #1a
------------------------------------------
1) SEND(0),DA=00001A18210B,PDU=Confirmed-Request,Service=readProperty,AL=0C02000001194B
2) XPCT(0),PDU=Complex-ACK,Service=readProperty,AL=0C02000001194B3EC4020000013F
------------------------------------------
1) AL(0) 0.00400531D858,0.00001A18210B,30C00C0C02000001194B3EC4020000013F
------------------------------------------
Test #1a - Section 1 - passed
SEND(1) sent, EXPECT(2) found, passed.
==========================================
TEST #1b
------------------------------------------
3) SEND(0),DA=00001A18210B,PDU=Confirmed-Request,Service=readProperty,AL=0C02000001194F
4) XPCT(0),PDU=Complex-ACK,Service=readProperty,AL=0C02000001194F3E91083F
------------------------------------------
1) AL(0) 0.00400531D858,0.00001A18210B,30C10C0C02000001194F3E91083F
------------------------------------------
Test #1b - Section 1 - passed
SEND(3) sent, EXPECT(4) found, passed.
==========================================
TEST #1c
------------------------------------------
5) SEND(0),DA=00001A18210B,PDU=Confirmed-Request,Service=readProperty,AL=0C020000011979
6) XPCT(0),PDU=Complex-ACK,Service=readProperty,AL=0C0200000119793E751F00594F524B20494E5445524E4154494F4E414C20434F52504F524154494F4E3F
------------------------------------------
1) AL(0) 0.00400531D858,0.00001A18210B,30C20C0C0200000119793E751F00594F524B20494E5445524E4154494F4E414C20434F52504F524154494F4E3F
------------------------------------------
Test #1c - Section 1 - passed
SEND(5) sent, EXPECT(6) found, passed.
==========================================
TEST #1d
------------------------------------------
7) SEND(0),DA=00001A18210B,PDU=Confirmed-Request,Service=readProperty,AL=0C020000011978
8) XPCT(0),PDU=Complex-ACK,Service=readProperty,AL=0C0200000119783E21173F
------------------------------------------
1) AL(0) 0.00400531D858,0.00001A18210B,30C30C0C0200000119783E21173F
------------------------------------------
Test #1d - Section 1 - passed
SEND(7) sent, EXPECT(8) found, passed.
==========================================
TEST #1e
------------------------------------------
9) SEND(0),DA=00001A18210B,PDU=Confirmed-Request,Service=readProperty,AL=0C02000001194C
10) XPCT(0),PDU=Complex-ACK,Service=readProperty,AL=0C02000001194C3EC400004080C400804080C401008080C4020000013F
------------------------------------------
1) AL(0) 0.00400531D858,0.00001A18210B,30C40C0C02000001194C3EC402000001C420000080C401008080C400804080C400808080C401004080C40100C080C401010080C400004080C400008080C40000C080C400010080C400014080C400018080C40001C080C400020080C400050080C400054080C400058080C40005C080C400060080C400064080C400024080C400028080C40002C080C400030080C400034080C400038080C400070080C400074080C400078080C400C04080C400C08080C400C0C080C400C10080C400C14080C400C18080C400C1C080C400C00080C400C24080C400C28080C40007C080C40003C080C400040080C400044080C400048080C4000800803F
------------------------------------------
Test #1e - Section 1 - failed
error: SEND(9) sent, EXPECT(10) failed, no other packets.
==========================================
TEST #1f
------------------------------------------
11) SEND(0),DA=00001A18210B,PDU=Confirmed-Request,Service=readProperty,AL=0C02000001194C2900
12) XPCT(0),PDU=Complex-ACK,Service=readProperty,AL=0C02000001194C29003E21043F
------------------------------------------
1) AL(0) 0.00400531D858,0.00001A18210B,30C50C0C02000001194C29003EC40000002F3F
------------------------------------------
Test #1f - Section 1 - failed
error: SEND(11) sent, EXPECT(12) failed, no other packets.
==========================================
TEST #1g
------------------------------------------
13) SEND(0),DA=00001A18210B,PDU=Confirmed-Request,Service=readProperty,AL=0C02000001194C2901
14) XPCT(0),PDU=Complex-ACK,Service=readProperty,AL=0C02000001194C29013EC4000040803F
------------------------------------------
1) AL(0) 0.00400531D858,0.00001A18210B,30C60C0C02000001194C29013EC4020000013F
------------------------------------------
Test #1g - Section 1 - failed
error: SEND(13) sent, EXPECT(14) failed, no other packets.
==========================================
TEST #2a
------------------------------------------
15) SEND(0),DA=00001A18210B,PDU=Confirmed-Request,Service=readProperty,AL=0C0200000119792901
16) XPCT(0),PDU=Error,Service=readProperty,AL=9102912A
17) OR(0),PDU=Error,Service=readProperty,AL=91059107
18) OR(0),PDU=Reject,Service= 2
------------------------------------------
1) AL(0) 0.00400531D858,0.00001A18210B,30C70C0C02000001197929013E751F00594F524B20494E5445524E4154494F4E414C20434F52504F524154494F4E3F
------------------------------------------
Test #2a - Section 1 - failed
error: SEND(15) sent, EXPECT(16) failed, OR-EXPECT(17) failed, OR-EXPECT(18) failed, no other packets.
==========================================
TEST #2b
------------------------------------------
19) SEND(0),DA=00001A18210B,PDU=Confirmed-Request,Service=readProperty,AL=0C02000001194C2A7D00
20) XPCT(0),PDU=Error,Service=readProperty,AL=9102912A
------------------------------------------
1) AL(0) 0.00400531D858,0.00001A18210B,50C80C9102912A
------------------------------------------
Test #2b - Section 1 - passed
SEND(19) sent, EXPECT(20) found, passed.
==========================================
