Microsoft HTML Help Compiler 4.73.8198

Compiling p:\VTS\Help\vtshelp.chm

home.html
overview.html
al.html
al_ackalarm.html
al_addlistelement.html
al_covnotification.html
al_createobj.html
al_deleteobj.html
al_devicecommcontrol.html
al_eventnotification.html
al_getalarmsum.html
al_getenrollmentsummary.html
al_iam.html
al_ihave.html
al_privatetransfer.html
al_readfile.html
al_readprop.html
al_readpropconditional.html
al_readpropmultiple.html
al_reinitializedevice.html
al_remlistelement.html
al_sack_error.html
al_subscribecov.html
al_textmessage.html
al_timesync.html
al_vt.html
al_whohas.html
al_whois.html
al_writefile.html
al_writeprop.html
al_writepropmultiple.html
configure.html
mstp.html
nalserv32.html
nl.html
nl_disconnectconn.html
nl_establishconn.html
nl_iamrouter.html
nl_icouldberouter.html
nl_initrouting.html
nl_initroutingack.html
nl_rawnpdu.html
nl_rejectmessage.html
nl_routeravailable.html
nl_routerbusy.html
nl_whoisrouter.html
ptp.html
target.html
testing.html
view.html
pixel.gif
vts64x64.jpg
next.gif
home.gif
vtssystem.gif
overview_vts.jpg
overview_toolbar.jpg
overview_nalserv.jpg
ptp_toolbar.jpg
overview_ptp.jpg
mstp_toolbar.jpg
overview_mstp.jpg
prev.gif
al_ackalarm1.jpg
al_ackalarm2.jpg
al_ackalarm3.jpg
al_ackalarm4.jpg
al_ackalarm5.jpg
al_addlist1.jpg
al_addlist2.jpg
al_addlist3.jpg
al_addlist4.jpg
al_addlist5.jpg
al_addlist6.jpg
al_covnotification1.jpg
al_covnotification2.jpg
al_covnotification3.jpg
al_covnotification4.jpg
al_covnotification5.jpg
al_editval_real.jpg
al_editval_char.jpg
al_editval_bits.jpg
al_editval_objid.jpg
al_editval_enum.jpg
al_editval_time.jpg
al_editval_date.jpg
al_editval_list1.jpg
al_editval_list2.jpg
al_editval_list3.jpg
al_createobj1.jpg
al_createobj7.jpg
al_createobj2.jpg
al_createobj3.jpg
al_createobj4.jpg
al_createobj5.jpg
al_createobj6.jpg
al_deleteobj1.jpg
al_devicecommctl.jpg
al_eventnotification1.jpg
al_eventnotification2.jpg
al_eventnotification3.jpg
al_eventnotification4.jpg
al_eventnotification5.jpg
al_eventnotification6.jpg
al_eventnotification7.jpg
al_eventnotification8.jpg
al_eventnotification9.jpg
al_eventnotification10.jpg
al_eventnotification11.jpg
al_eventnotification20.jpg
al_eventnotification12.jpg
al_eventnotification14.jpg
al_eventnotification15.jpg
al_eventnotification13.jpg
al_eventnotification16.jpg
al_eventnotification17.jpg
al_eventnotification18.jpg
al_eventnotification19.jpg
al_getalarmsum.jpg
al_getenrollmentsum1.jpg
al_getenrollmentsum2.jpg
al_getenrollmentsum3.jpg
al_getenrollmentsum4.jpg
al_getenrollmentsum5.jpg
al_getenrollmentsum6.jpg
al_getenrollmentsum7.jpg
al_getenrollmentsum8.jpg
al_iam.jpg
al_ihave.jpg
al_privatetransfer1.jpg
al_privatetransfer2.jpg
al_privatetransfer3.jpg
al_readfile1.jpg
al_readfile2.jpg
al_readpropstd.jpg
al_arrayindex.jpg
al_readpropc1.jpg
al_readpropc2.jpg
al_readpropc3.jpg
al_readpropc4.jpg
al_readpropc5.jpg
al_readpropc6.jpg
al_readpropc7.jpg
al_readpropc8.jpg
al_readpropc9.jpg
al_readpropc10.jpg
al_readpropc11.jpg
al_readpropc12.jpg
al_readpropc13.jpg
al_readpropm1.jpg
al_readpropm2.jpg
al_readpropm3.jpg
al_readpropm4.jpg
al_readpropm5.jpg
al_reinitdevice.jpg
al_remlist1.jpg
al_remlist2.jpg
al_remlist3.jpg
al_remlist4.jpg
al_remlist5.jpg
al_remlist6.jpg
al_sack.jpg
al_error.jpg
al_subscribecov1.jpg
al_subscribecov2.jpg
al_subscribecov4.jpg
al_subscribecov5.jpg
al_subscribecov6.jpg
al_textmessage.jpg
al_timesync.jpg
al_vt1.jpg
al_vt2.jpg
al_vt3.jpg
al_vt4.jpg
al_whohas1.jpg
al_whohas2.jpg
al_whohas3.jpg
al_whois.jpg
al_writefile1.jpg
al_writefile2.jpg
al_writefile3.jpg
al_writefile4.jpg
al_writefile5.jpg
al_writefile6.jpg
al_writefile7.jpg
al_writefile8.jpg
al_writefile9.jpg
al_writeprop1.jpg
al_writeprop2.jpg
al_writeprop3.jpg
al_writepropm1.jpg
al_writepropm2.jpg
al_writepropm3.jpg
al_writepropm4.jpg
al_writepropm5.jpg
al_writepropm6.jpg
al_writepropm7.jpg
config1.jpg
config3.jpg
config2.jpg
config5.jpg
config4.jpg
mstp1.jpg
mstp2.jpg
nalserv1.jpg
nalserv2.jpg
nalserv3.jpg
nalserv5.jpg
nalserv6.jpg
nalserv7.jpg
nalserv4.jpg
nl_disconnectconn.jpg
nl_establishconn1.jpg
nl_establishconn2.jpg
nl_iamrouter1.jpg
nl_iamrouter2.jpg
nl_icouldberouter.jpg
nl_initrouting2.jpg
nl_initrouting3.jpg
nl_initrouting4.jpg
nl_initrouting5.jpg
nl_initrouting6.jpg
nl_initrouting1.jpg
nl_initroutingack1.jpg
nl_initroutingack2.jpg
nl_initroutingack3.jpg
nl_initroutingack4.jpg
nl_initroutingack5.jpg
nl_initroutingack6.jpg
nl_raw1.jpg
nl_raw2.jpg
nl_raw3.jpg
nl_rejectmessage.jpg
nl_routeravailable1.jpg
nl_routeravailable2.jpg
nl_routerbusy1.jpg
nl_routerbusy2.jpg
nl_whoisrouter.jpg
ptp1.jpg
ptp2.jpg
ptp3.gif
ptp4.gif
target.jpg
target_local.jpg
target_remote_norouter.jpg
target_remote_router.jpg
target_global.jpg
target_source.jpg
target_ptpconnect.jpg
target_ptp.jpg
target_mstp.jpg
view_withhex.jpg
view_compare.jpg
view_compare_ptp.jpg
view_nalservptp.jpg
view_compare_mstp.jpg
view_nalservmstp.jpg

Compile time: 1 minute, 13 seconds
90	Topics
469	Local links
0	Internet links
207	Graphics


Created p:\VTS\Help\vtshelp.chm, 7,010,990 bytes
Compression decreased file by 1,053,816 bytes.
HHC5010: Error: Cannot open "p:\VTS\Help\vtshelp.chm". Compilation stopped.
HHC5010: Error: Cannot open "p:\VTS\Help\vtshelp.chm". Compilation stopped.
Microsoft HTML Help Compiler 4.73.8198

Compiling p:\VTS\Help\vtshelp.chm

home.html
overview.html
al.html
al_ackalarm.html
al_addlistelement.html
al_covnotification.html
al_createobj.html
al_deleteobj.html
al_devicecommcontrol.html
al_eventnotification.html
al_getalarmsum.html
al_getenrollmentsummary.html
al_iam.html
al_ihave.html
al_privatetransfer.html
al_readfile.html
al_readprop.html
al_readpropconditional.html
al_readpropmultiple.html
al_reinitializedevice.html
al_remlistelement.html
al_sack_error.html
al_subscribecov.html
al_textmessage.html
al_timesync.html
al_vt.html
al_whohas.html
al_whois.html
al_writefile.html
al_writeprop.html
al_writepropmultiple.html
configure.html
mstp.html
nalserv32.html
nl.html
nl_disconnectconn.html
nl_establishconn.html
nl_iamrouter.html
nl_icouldberouter.html
nl_initrouting.html
nl_initroutingack.html
nl_rawnpdu.html
nl_rejectmessage.html
nl_routeravailable.html
nl_routerbusy.html
nl_whoisrouter.html
ptp.html
target.html
testing.html
view.html
pixel.gif
vts64x64.jpg
next.gif
home.gif
vtssystem.gif
overview_vts.jpg
overview_toolbar.jpg
overview_nalserv.jpg
ptp_toolbar.jpg
overview_ptp.jpg
mstp_toolbar.jpg
overview_mstp.jpg
prev.gif
al_ackalarm1.jpg
al_ackalarm2.jpg
al_ackalarm3.jpg
al_ackalarm4.jpg
al_ackalarm5.jpg
al_addlist1.jpg
al_addlist2.jpg
al_addlist3.jpg
al_addlist4.jpg
al_addlist5.jpg
al_addlist6.jpg
al_covnotification1.jpg
al_covnotification2.jpg
al_covnotification3.jpg
al_covnotification4.jpg
al_covnotification5.jpg
al_editval_real.jpg
al_editval_char.jpg
al_editval_bits.jpg
al_editval_objid.jpg
al_editval_enum.jpg
al_editval_time.jpg
al_editval_date.jpg
al_editval_list1.jpg
al_editval_list2.jpg
al_editval_list3.jpg
al_createobj1.jpg
al_createobj7.jpg
al_createobj2.jpg
al_createobj3.jpg
al_createobj4.jpg
al_createobj5.jpg
al_createobj6.jpg
al_deleteobj1.jpg
al_devicecommctl.jpg
al_eventnotification1.jpg
al_eventnotification2.jpg
al_eventnotification3.jpg
al_eventnotification4.jpg
al_eventnotification5.jpg
al_eventnotification6.jpg
al_eventnotification7.jpg
al_eventnotification8.jpg
al_eventnotification9.jpg
al_eventnotification10.jpg
al_eventnotification11.jpg
al_eventnotification20.jpg
al_eventnotification12.jpg
al_eventnotification14.jpg
al_eventnotification15.jpg
al_eventnotification13.jpg
al_eventnotification16.jpg
al_eventnotification17.jpg
al_eventnotification18.jpg
al_eventnotification19.jpg
al_getalarmsum.jpg
al_getenrollmentsum1.jpg
al_getenrollmentsum2.jpg
al_getenrollmentsum3.jpg
al_getenrollmentsum4.jpg
al_getenrollmentsum5.jpg
al_getenrollmentsum6.jpg
al_getenrollmentsum7.jpg
al_getenrollmentsum8.jpg
al_iam.jpg
al_ihave.jpg
al_privatetransfer1.jpg
al_privatetransfer2.jpg
al_privatetransfer3.jpg
al_readfile1.jpg
al_readfile2.jpg
al_readpropstd.jpg
al_arrayindex.jpg
al_readpropc1.jpg
al_readpropc2.jpg
al_readpropc3.jpg
al_readpropc4.jpg
al_readpropc5.jpg
al_readpropc6.jpg
al_readpropc7.jpg
al_readpropc8.jpg
al_readpropc9.jpg
al_readpropc10.jpg
al_readpropc11.jpg
al_readpropc12.jpg
al_readpropc13.jpg
al_readpropm1.jpg
al_readpropm2.jpg
al_readpropm3.jpg
al_readpropm4.jpg
al_readpropm5.jpg
al_reinitdevice.jpg
al_remlist1.jpg
al_remlist2.jpg
al_remlist3.jpg
al_remlist4.jpg
al_remlist5.jpg
al_remlist6.jpg
al_sack.jpg
al_error.jpg
al_subscribecov1.jpg
al_subscribecov2.jpg
al_subscribecov4.jpg
al_subscribecov5.jpg
al_subscribecov6.jpg
al_textmessage.jpg
al_timesync.jpg
al_vt1.jpg
al_vt2.jpg
al_vt3.jpg
al_vt4.jpg
al_whohas1.jpg
al_whohas2.jpg
al_whohas3.jpg
al_whois.jpg
al_writefile1.jpg
al_writefile2.jpg
al_writefile3.jpg
al_writefile4.jpg
al_writefile5.jpg
al_writefile6.jpg
al_writefile7.jpg
al_writefile8.jpg
al_writefile9.jpg
al_writeprop1.jpg
al_writeprop2.jpg
al_writeprop3.jpg
al_writepropm1.jpg
al_writepropm2.jpg
al_writepropm3.jpg
al_writepropm4.jpg
al_writepropm5.jpg
al_writepropm6.jpg
al_writepropm7.jpg
config1.jpg
config3.jpg
config2.jpg
config5.jpg
config4.jpg
mstp1.jpg
mstp2.jpg
nalserv1.jpg
nalserv2.jpg
nalserv3.jpg
nalserv5.jpg
nalserv6.jpg
nalserv7.jpg
nalserv4.jpg
nl_disconnectconn.jpg
nl_establishconn1.jpg
nl_establishconn2.jpg
nl_iamrouter1.jpg
nl_iamrouter2.jpg
nl_icouldberouter.jpg
nl_initrouting2.jpg
nl_initrouting3.jpg
nl_initrouting4.jpg
nl_initrouting5.jpg
nl_initrouting6.jpg
nl_initrouting1.jpg
nl_initroutingack1.jpg
nl_initroutingack2.jpg
nl_initroutingack3.jpg
nl_initroutingack4.jpg
nl_initroutingack5.jpg
nl_initroutingack6.jpg
nl_raw1.jpg
nl_raw2.jpg
nl_raw3.jpg
nl_rejectmessage.jpg
nl_routeravailable1.jpg
nl_routeravailable2.jpg
nl_routerbusy1.jpg
nl_routerbusy2.jpg
nl_whoisrouter.jpg
ptp1.jpg
ptp2.jpg
ptp3.gif
ptp4.gif
target.jpg
target_local.jpg
target_remote_norouter.jpg
target_remote_router.jpg
target_global.jpg
target_source.jpg
target_ptpconnect.jpg
target_ptp.jpg
target_mstp.jpg
view_withhex.jpg
view_compare.jpg
view_compare_ptp.jpg
view_nalservptp.jpg
view_compare_mstp.jpg
view_nalservmstp.jpg

Compile time: 1 minute, 10 seconds
90	Topics
469	Local links
0	Internet links
207	Graphics


Created p:\VTS\Help\vtshelp.chm, 7,011,036 bytes
Compression decreased file by 1,053,800 bytes.
Microsoft HTML Help Compiler 4.73.8198

Compiling p:\VTS\Help\vtshelp.chm

home.html
overview.html
al.html
al_ackalarm.html
al_addlistelement.html
al_covnotification.html
al_createobj.html
al_deleteobj.html
al_devicecommcontrol.html
al_eventnotification.html
al_getalarmsum.html
al_getenrollmentsummary.html
al_iam.html
al_ihave.html
al_privatetransfer.html
al_readfile.html
al_readprop.html
al_readpropconditional.html
al_readpropmultiple.html
al_reinitializedevice.html
al_remlistelement.html
al_sack_error.html
al_subscribecov.html
al_textmessage.html
al_timesync.html
al_vt.html
al_whohas.html
al_whois.html
al_writefile.html
al_writeprop.html
al_writepropmultiple.html
configure.html
mstp.html
nalserv32.html
nl.html
nl_disconnectconn.html
nl_establishconn.html
nl_iamrouter.html
nl_icouldberouter.html
nl_initrouting.html
nl_initroutingack.html
nl_rawnpdu.html
nl_rejectmessage.html
nl_routeravailable.html
nl_routerbusy.html
nl_whoisrouter.html
ptp.html
target.html
testing.html
view.html
pixel.gif
vts64x64.jpg
next.gif
home.gif
vtssystem.gif
overview_vts.jpg
overview_toolbar.jpg
overview_nalserv.jpg
ptp_toolbar.jpg
overview_ptp.jpg
mstp_toolbar.jpg
overview_mstp.jpg
prev.gif
al_ackalarm1.jpg
al_ackalarm2.jpg
al_ackalarm3.jpg
al_ackalarm4.jpg
al_ackalarm5.jpg
al_addlist1.jpg
al_addlist2.jpg
al_addlist3.jpg
al_addlist4.jpg
al_addlist5.jpg
al_addlist6.jpg
al_covnotification1.jpg
al_covnotification2.jpg
al_covnotification3.jpg
al_covnotification4.jpg
al_covnotification5.jpg
al_editval_real.jpg
al_editval_char.jpg
al_editval_bits.jpg
al_editval_objid.jpg
al_editval_enum.jpg
al_editval_time.jpg
al_editval_date.jpg
al_editval_list1.jpg
al_editval_list2.jpg
al_editval_list3.jpg
al_createobj1.jpg
al_createobj7.jpg
al_createobj2.jpg
al_createobj3.jpg
al_createobj4.jpg
al_createobj5.jpg
al_createobj6.jpg
al_deleteobj1.jpg
al_devicecommctl.jpg
al_eventnotification1.jpg
al_eventnotification2.jpg
al_eventnotification3.jpg
al_eventnotification4.jpg
al_eventnotification5.jpg
al_eventnotification6.jpg
al_eventnotification7.jpg
al_eventnotification8.jpg
al_eventnotification9.jpg
al_eventnotification10.jpg
al_eventnotification11.jpg
al_eventnotification20.jpg
al_eventnotification12.jpg
al_eventnotification14.jpg
al_eventnotification15.jpg
al_eventnotification13.jpg
al_eventnotification16.jpg
al_eventnotification17.jpg
al_eventnotification18.jpg
al_eventnotification19.jpg
al_getalarmsum.jpg
al_getenrollmentsum1.jpg
al_getenrollmentsum2.jpg
al_getenrollmentsum3.jpg
al_getenrollmentsum4.jpg
al_getenrollmentsum5.jpg
al_getenrollmentsum6.jpg
al_getenrollmentsum7.jpg
al_getenrollmentsum8.jpg
al_iam.jpg
al_ihave.jpg
al_privatetransfer1.jpg
al_privatetransfer2.jpg
al_privatetransfer3.jpg
al_readfile1.jpg
al_readfile2.jpg
al_readpropstd.jpg
al_arrayindex.jpg
al_readpropc1.jpg
al_readpropc2.jpg
al_readpropc3.jpg
al_readpropc4.jpg
al_readpropc5.jpg
al_readpropc6.jpg
al_readpropc7.jpg
al_readpropc8.jpg
al_readpropc9.jpg
al_readpropc10.jpg
al_readpropc11.jpg
al_readpropc12.jpg
al_readpropc13.jpg
al_readpropm1.jpg
al_readpropm2.jpg
al_readpropm3.jpg
al_readpropm4.jpg
al_readpropm5.jpg
al_reinitdevice.jpg
al_remlist1.jpg
al_remlist2.jpg
al_remlist3.jpg
al_remlist4.jpg
al_remlist5.jpg
al_remlist6.jpg
al_sack.jpg
al_error.jpg
al_subscribecov1.jpg
al_subscribecov2.jpg
al_subscribecov4.jpg
al_subscribecov5.jpg
al_subscribecov6.jpg
al_textmessage.jpg
al_timesync.jpg
al_vt1.jpg
al_vt2.jpg
al_vt3.jpg
al_vt4.jpg
al_whohas1.jpg
al_whohas2.jpg
al_whohas3.jpg
al_whois.jpg
al_writefile1.jpg
al_writefile2.jpg
al_writefile3.jpg
al_writefile4.jpg
al_writefile5.jpg
al_writefile6.jpg
al_writefile7.jpg
al_writefile8.jpg
al_writefile9.jpg
al_writeprop1.jpg
al_writeprop2.jpg
al_writeprop3.jpg
al_writepropm1.jpg
al_writepropm2.jpg
al_writepropm3.jpg
al_writepropm4.jpg
al_writepropm5.jpg
al_writepropm6.jpg
al_writepropm7.jpg
config1.jpg
config3.jpg
config2.jpg
config5.jpg
config4.jpg
mstp1.jpg
mstp2.jpg
nalserv1.jpg
nalserv2.jpg
nalserv3.jpg
nalserv5.jpg
nalserv6.jpg
nalserv7.jpg
nalserv4.jpg
nl_disconnectconn.jpg
nl_establishconn1.jpg
nl_establishconn2.jpg
nl_iamrouter1.jpg
nl_iamrouter2.jpg
nl_icouldberouter.jpg
nl_initrouting2.jpg
nl_initrouting3.jpg
nl_initrouting4.jpg
nl_initrouting5.jpg
nl_initrouting6.jpg
nl_initrouting1.jpg
nl_initroutingack1.jpg
nl_initroutingack2.jpg
nl_initroutingack3.jpg
nl_initroutingack4.jpg
nl_initroutingack5.jpg
nl_initroutingack6.jpg
nl_raw1.jpg
nl_raw2.jpg
nl_raw3.jpg
nl_rejectmessage.jpg
nl_routeravailable1.jpg
nl_routeravailable2.jpg
nl_routerbusy1.jpg
nl_routerbusy2.jpg
nl_whoisrouter.jpg
ptp1.jpg
ptp2.jpg
ptp3.gif
ptp4.gif
target.jpg
target_local.jpg
target_remote_norouter.jpg
target_remote_router.jpg
target_global.jpg
target_source.jpg
target_ptpconnect.jpg
target_ptp.jpg
target_mstp.jpg
view_withhex.jpg
view_compare.jpg
view_compare_ptp.jpg
view_nalservptp.jpg
view_compare_mstp.jpg
view_nalservmstp.jpg

Compile time: 1 minute, 9 seconds
90	Topics
469	Local links
0	Internet links
207	Graphics


Created p:\VTS\Help\vtshelp.chm, 7,011,082 bytes
Compression decreased file by 1,053,729 bytes.
